Versions OS: win32 10.0.22631 nodejs: v20.17.0 sitespeed.io: 4.7.0 browsertime: 1.0.0-beta.31 coach: 0.31.0
{
  "uuid": "bd743d79-e473-498c-bc77-fdda808c8b96",
  "type": "url",
  "timestamp": "2024-09-18T12:27:21+05:30",
  "source": "url-reader",
  "data": {},
  "url": "module.exports",
  "group": null
}
{
  "uuid": "ad707a83-d0b9-4367-b425-85bbe27c8fc9",
  "type": "url",
  "timestamp": "2024-09-18T12:27:21+05:30",
  "source": "url-reader",
  "data": {},
  "url": "return",
  "group": null
}
{
  "uuid": "e9a44418-4f0d-4ebe-85dd-c5cf796e44ec",
  "type": "url",
  "timestamp": "2024-09-18T12:27:21+05:30",
  "source": "url-reader",
  "data": {},
  "url": "}",
  "group": null
}
Starting chrome for analysing module.exports 1 time(s)
Testing url module.exports run 1
module.exports generated the following error in Browsertime BrowserError: unknown error: cannot find Chrome binary
  (Driver info: chromedriver=2.28.455520 (cc17746adff54984afff480136733114c6b3704b),platform=Windows NT 10.0.22631 x86_64)
  (Driver info: chromedriver=2.28.455520 (cc17746adff54984afff480136733114c6b3704b),platform=Windows NT 10.0.22631 x86_64)
    at C:\Sample_Client_Side_Project\node_modules\browsertime\lib\core\seleniumRunner.js:81:15
From previous event:
    at SeleniumRunner.start (C:\Sample_Client_Side_Project\node_modules\browsertime\lib\core\seleniumRunner.js:80:13)
    at runIteration (C:\Sample_Client_Side_Project\node_modules\browsertime\lib\core\engine.js:205:21)
    at C:\Sample_Client_Side_Project\node_modules\browsertime\lib\core\engine.js:283:25
From previous event:
    at C:\Sample_Client_Side_Project\node_modules\browsertime\lib\core\engine.js:282:17
From previous event:
    at Engine.run (C:\Sample_Client_Side_Project\node_modules\browsertime\lib\core\engine.js:281:8)
    at C:\Sample_Client_Side_Project\node_modules\sitespeed.io\lib\plugins\browsertime\analyzer.js:76:26
    at processImmediate (node:internal/timers:483:21)
From previous event:
    at Object.analyzeUrl (C:\Sample_Client_Side_Project\node_modules\sitespeed.io\lib\plugins\browsertime\analyzer.js:76:8)
    at C:\Sample_Client_Side_Project\node_modules\sitespeed.io\lib\plugins\browsertime\index.js:131:34
    at C:\Sample_Client_Side_Project\node_modules\mkdirp\index.js:30:20
    at FSReqCallback.oncomplete (node:fs:187:23)
From previous event:
    at Object.processMessage (C:\Sample_Client_Side_Project\node_modules\sitespeed.io\lib\plugins\browsertime\index.js:131:14)
    at C:\Sample_Client_Side_Project\node_modules\sitespeed.io\lib\support\queueHandler.js:157:57
    at drainItem (C:\Sample_Client_Side_Project\node_modules\concurrent-queue\index.js:92:21)
    at Immediate.drain (C:\Sample_Client_Side_Project\node_modules\concurrent-queue\index.js:73:84)
    at processImmediate (node:internal/timers:483:21)
{
  "uuid": "a04e8ef3-2a14-4d1a-bc7b-888f2b5600c4",
  "type": "error",
  "timestamp": "2024-09-18T12:27:22+05:30",
  "source": "browsertime",
  "data": "unknown error: cannot find Chrome binary\n  (Driver info: chromedriver=2.28.455520 (cc17746adff549...",
  "url": "module.exports",
  "cause": {
    "name": "WebDriverError"
  }
}
Starting chrome for analysing return 1 time(s)
Testing url return run 1
return generated the following error in Browsertime BrowserError: unknown error: cannot find Chrome binary
  (Driver info: chromedriver=2.28.455520 (cc17746adff54984afff480136733114c6b3704b),platform=Windows NT 10.0.22631 x86_64)
  (Driver info: chromedriver=2.28.455520 (cc17746adff54984afff480136733114c6b3704b),platform=Windows NT 10.0.22631 x86_64)
    at C:\Sample_Client_Side_Project\node_modules\browsertime\lib\core\seleniumRunner.js:81:15
From previous event:
    at SeleniumRunner.start (C:\Sample_Client_Side_Project\node_modules\browsertime\lib\core\seleniumRunner.js:80:13)
    at runIteration (C:\Sample_Client_Side_Project\node_modules\browsertime\lib\core\engine.js:205:21)
    at C:\Sample_Client_Side_Project\node_modules\browsertime\lib\core\engine.js:283:25
From previous event:
    at C:\Sample_Client_Side_Project\node_modules\browsertime\lib\core\engine.js:282:17
From previous event:
    at Engine.run (C:\Sample_Client_Side_Project\node_modules\browsertime\lib\core\engine.js:281:8)
    at C:\Sample_Client_Side_Project\node_modules\sitespeed.io\lib\plugins\browsertime\analyzer.js:76:26
    at processImmediate (node:internal/timers:483:21)
From previous event:
    at Object.analyzeUrl (C:\Sample_Client_Side_Project\node_modules\sitespeed.io\lib\plugins\browsertime\analyzer.js:76:8)
    at C:\Sample_Client_Side_Project\node_modules\sitespeed.io\lib\plugins\browsertime\index.js:131:34
    at C:\Sample_Client_Side_Project\node_modules\mkdirp\index.js:30:20
    at FSReqCallback.oncomplete (node:fs:187:23)
From previous event:
    at Object.processMessage (C:\Sample_Client_Side_Project\node_modules\sitespeed.io\lib\plugins\browsertime\index.js:131:14)
    at C:\Sample_Client_Side_Project\node_modules\sitespeed.io\lib\support\queueHandler.js:157:57
    at drainItem (C:\Sample_Client_Side_Project\node_modules\concurrent-queue\index.js:92:21)
    at Immediate.drain (C:\Sample_Client_Side_Project\node_modules\concurrent-queue\index.js:73:84)
    at processImmediate (node:internal/timers:483:21)
{
  "uuid": "413cedb4-82bb-4a35-a457-8aa6b2a53fdb",
  "type": "error",
  "timestamp": "2024-09-18T12:27:22+05:30",
  "source": "browsertime",
  "data": "unknown error: cannot find Chrome binary\n  (Driver info: chromedriver=2.28.455520 (cc17746adff549...",
  "url": "return",
  "cause": {
    "name": "WebDriverError"
  }
}
Starting chrome for analysing } 1 time(s)
Testing url } run 1
} generated the following error in Browsertime BrowserError: unknown error: cannot find Chrome binary
  (Driver info: chromedriver=2.28.455520 (cc17746adff54984afff480136733114c6b3704b),platform=Windows NT 10.0.22631 x86_64)
  (Driver info: chromedriver=2.28.455520 (cc17746adff54984afff480136733114c6b3704b),platform=Windows NT 10.0.22631 x86_64)
    at C:\Sample_Client_Side_Project\node_modules\browsertime\lib\core\seleniumRunner.js:81:15
From previous event:
    at SeleniumRunner.start (C:\Sample_Client_Side_Project\node_modules\browsertime\lib\core\seleniumRunner.js:80:13)
    at runIteration (C:\Sample_Client_Side_Project\node_modules\browsertime\lib\core\engine.js:205:21)
    at C:\Sample_Client_Side_Project\node_modules\browsertime\lib\core\engine.js:283:25
From previous event:
    at C:\Sample_Client_Side_Project\node_modules\browsertime\lib\core\engine.js:282:17
From previous event:
    at Engine.run (C:\Sample_Client_Side_Project\node_modules\browsertime\lib\core\engine.js:281:8)
    at C:\Sample_Client_Side_Project\node_modules\sitespeed.io\lib\plugins\browsertime\analyzer.js:76:26
    at processImmediate (node:internal/timers:483:21)
From previous event:
    at Object.analyzeUrl (C:\Sample_Client_Side_Project\node_modules\sitespeed.io\lib\plugins\browsertime\analyzer.js:76:8)
    at C:\Sample_Client_Side_Project\node_modules\sitespeed.io\lib\plugins\browsertime\index.js:131:34
    at C:\Sample_Client_Side_Project\node_modules\mkdirp\index.js:30:20
    at FSReqCallback.oncomplete (node:fs:187:23)
From previous event:
    at Object.processMessage (C:\Sample_Client_Side_Project\node_modules\sitespeed.io\lib\plugins\browsertime\index.js:131:14)
    at C:\Sample_Client_Side_Project\node_modules\sitespeed.io\lib\support\queueHandler.js:157:57
    at drainItem (C:\Sample_Client_Side_Project\node_modules\concurrent-queue\index.js:92:21)
    at Immediate.drain (C:\Sample_Client_Side_Project\node_modules\concurrent-queue\index.js:73:84)
    at processImmediate (node:internal/timers:483:21)
{
  "uuid": "77354a9e-e64d-4456-af94-1e76fc659861",
  "type": "error",
  "timestamp": "2024-09-18T12:27:22+05:30",
  "source": "browsertime",
  "data": "unknown error: cannot find Chrome binary\n  (Driver info: chromedriver=2.28.455520 (cc17746adff549...",
  "url": "}",
  "cause": {
    "name": "WebDriverError"
  }
}
{
  "uuid": "8e2281aa-c3b4-4fc9-a370-0e65ff510a21",
  "type": "summarize",
  "timestamp": "2024-09-18T12:27:22+05:30",
  "source": "queueHandler"
}
{
  "uuid": "c1171595-edf0-4e6c-8a38-cd60d7eccbfe",
  "type": "aggregateassets.summary",
  "timestamp": "2024-09-18T12:27:22+05:30",
  "source": "assets",
  "data": {},
  "group": "total"
}
{
  "uuid": "3dc369dd-7930-448f-861e-46d278e3a7ac",
  "type": "slowestassets.summary",
  "timestamp": "2024-09-18T12:27:22+05:30",
  "source": "assets",
  "data": [],
  "group": "total"
}
{
  "uuid": "d12384e6-e63b-420d-bc7f-192550f6b3a1",
  "type": "slowestassets.summary",
  "timestamp": "2024-09-18T12:27:22+05:30",
  "source": "assets",
  "data": [],
  "group": "total"
}
{
  "uuid": "08bb4b1b-089d-4827-a27d-9ea81508719e",
  "type": "domains.summary",
  "timestamp": "2024-09-18T12:27:22+05:30",
  "source": "domains",
  "data": {},
  "group": "total"
}
Render HTML for 3 page(s) 
HTML stored in C:\Sample_Client_Side_Project\sitespeed-result\module_exports\2024-09-18-12-27-21
